BBBLinear()
BBBLinear()
-- >> Start of training phase << --
SKIPPING RESET OPTIMIZER!!!!

100%|███████████████████████████████████████████████████████████████████████████████████████████████████████████████████████████████████████████████| 46/46 [00:02<00:00, 17.08it/s]
Epoch 0 ended.
	Top1_Acc_Epoch/train_phase/train_stream/Task000 = 0.0567
100%|███████████████████████████████████████████████████████████████████████████████████████████████████████████████████████████████████████████████| 46/46 [00:01<00:00, 23.38it/s]
Epoch 1 ended.
	Top1_Acc_Epoch/train_phase/train_stream/Task000 = 0.0686
100%|███████████████████████████████████████████████████████████████████████████████████████████████████████████████████████████████████████████████| 46/46 [00:02<00:00, 22.46it/s]
Epoch 2 ended.
	Top1_Acc_Epoch/train_phase/train_stream/Task000 = 0.0901
100%|███████████████████████████████████████████████████████████████████████████████████████████████████████████████████████████████████████████████| 46/46 [00:02<00:00, 22.90it/s]
Epoch 3 ended.
	Top1_Acc_Epoch/train_phase/train_stream/Task000 = 0.1095
100%|███████████████████████████████████████████████████████████████████████████████████████████████████████████████████████████████████████████████| 46/46 [00:01<00:00, 23.08it/s]
Epoch 4 ended.
	Top1_Acc_Epoch/train_phase/train_stream/Task000 = 0.1367
100%|███████████████████████████████████████████████████████████████████████████████████████████████████████████████████████████████████████████████| 46/46 [00:01<00:00, 23.18it/s]
Epoch 5 ended.
	Top1_Acc_Epoch/train_phase/train_stream/Task000 = 0.1560
100%|███████████████████████████████████████████████████████████████████████████████████████████████████████████████████████████████████████████████| 46/46 [00:01<00:00, 23.26it/s]
Epoch 6 ended.
	Top1_Acc_Epoch/train_phase/train_stream/Task000 = 0.2072
100%|███████████████████████████████████████████████████████████████████████████████████████████████████████████████████████████████████████████████| 46/46 [00:01<00:00, 23.22it/s]
Epoch 7 ended.
	Top1_Acc_Epoch/train_phase/train_stream/Task000 = 0.2425
100%|███████████████████████████████████████████████████████████████████████████████████████████████████████████████████████████████████████████████| 46/46 [00:01<00:00, 23.20it/s]
Epoch 8 ended.
	Top1_Acc_Epoch/train_phase/train_stream/Task000 = 0.2674
100%|███████████████████████████████████████████████████████████████████████████████████████████████████████████████████████████████████████████████| 46/46 [00:01<00:00, 23.09it/s]
Epoch 9 ended.
	Top1_Acc_Epoch/train_phase/train_stream/Task000 = 0.3025
100%|███████████████████████████████████████████████████████████████████████████████████████████████████████████████████████████████████████████████| 46/46 [00:01<00:00, 23.08it/s]
Epoch 10 ended.
	Top1_Acc_Epoch/train_phase/train_stream/Task000 = 0.3332
100%|███████████████████████████████████████████████████████████████████████████████████████████████████████████████████████████████████████████████| 46/46 [00:01<00:00, 23.14it/s]
Epoch 11 ended.
	Top1_Acc_Epoch/train_phase/train_stream/Task000 = 0.3699
100%|███████████████████████████████████████████████████████████████████████████████████████████████████████████████████████████████████████████████| 46/46 [00:01<00:00, 23.06it/s]
Epoch 12 ended.
	Top1_Acc_Epoch/train_phase/train_stream/Task000 = 0.4051
100%|███████████████████████████████████████████████████████████████████████████████████████████████████████████████████████████████████████████████| 46/46 [00:01<00:00, 23.24it/s]
Epoch 13 ended.
	Top1_Acc_Epoch/train_phase/train_stream/Task000 = 0.4442
100%|███████████████████████████████████████████████████████████████████████████████████████████████████████████████████████████████████████████████| 46/46 [00:01<00:00, 23.33it/s]
Epoch 14 ended.
	Top1_Acc_Epoch/train_phase/train_stream/Task000 = 0.4718

100%|███████████████████████████████████████████████████████████████████████████████████████████████████████████████████████████████████████████████| 46/46 [00:01<00:00, 23.26it/s]
Epoch 15 ended.
	Top1_Acc_Epoch/train_phase/train_stream/Task000 = 0.5014
100%|███████████████████████████████████████████████████████████████████████████████████████████████████████████████████████████████████████████████| 46/46 [00:01<00:00, 23.31it/s]
Epoch 16 ended.
	Top1_Acc_Epoch/train_phase/train_stream/Task000 = 0.5378
100%|███████████████████████████████████████████████████████████████████████████████████████████████████████████████████████████████████████████████| 46/46 [00:01<00:00, 23.54it/s]
Epoch 17 ended.
	Top1_Acc_Epoch/train_phase/train_stream/Task000 = 0.5707
100%|███████████████████████████████████████████████████████████████████████████████████████████████████████████████████████████████████████████████| 46/46 [00:02<00:00, 22.73it/s]
Epoch 18 ended.
	Top1_Acc_Epoch/train_phase/train_stream/Task000 = 0.5921
100%|███████████████████████████████████████████████████████████████████████████████████████████████████████████████████████████████████████████████| 46/46 [00:01<00:00, 23.27it/s]
Epoch 19 ended.
	Top1_Acc_Epoch/train_phase/train_stream/Task000 = 0.6201
-- >> End of training phase << --
-- >> Start of eval phase << --
-- Starting eval on experience 0 (Task 0) from test stream --
100%|█████████████████████████████████████████████████████████████████████████████████████████████████████████████████████████████████████████████████| 8/8 [00:00<00:00, 54.98it/s]
> Eval on experience 0 (Task 0) from test stream ended.
	Top1_Acc_Exp/eval_phase/test_stream/Task000/Exp000 = 0.9125
-- Starting eval on experience 1 (Task 0) from test stream --
100%|█████████████████████████████████████████████████████████████████████████████████████████████████████████████████████████████████████████████████| 9/9 [00:00<00:00, 56.25it/s]
> Eval on experience 1 (Task 0) from test stream ended.
	Top1_Acc_Exp/eval_phase/test_stream/Task000/Exp001 = 0.0000
-- Starting eval on experience 2 (Task 0) from test stream --
100%|█████████████████████████████████████████████████████████████████████████████████████████████████████████████████████████████████████████████████| 8/8 [00:00<00:00, 54.71it/s]
> Eval on experience 2 (Task 0) from test stream ended.
	Top1_Acc_Exp/eval_phase/test_stream/Task000/Exp002 = 0.0000
-- Starting eval on experience 3 (Task 0) from test stream --
100%|█████████████████████████████████████████████████████████████████████████████████████████████████████████████████████████████████████████████████| 8/8 [00:00<00:00, 52.78it/s]
> Eval on experience 3 (Task 0) from test stream ended.
	Top1_Acc_Exp/eval_phase/test_stream/Task000/Exp003 = 0.0000
-- Starting eval on experience 4 (Task 0) from test stream --
100%|█████████████████████████████████████████████████████████████████████████████████████████████████████████████████████████████████████████████████| 8/8 [00:00<00:00, 55.20it/s]
> Eval on experience 4 (Task 0) from test stream ended.
	Top1_Acc_Exp/eval_phase/test_stream/Task000/Exp004 = 0.0000
-- >> End of eval phase << --
	Top1_Acc_Stream/eval_phase/test_stream/Task000 = 0.1752
-- >> Start of training phase << --
SKIPPING RESET OPTIMIZER!!!!
100%|███████████████████████████████████████████████████████████████████████████████████████████████████████████████████████████████████████████████| 50/50 [00:02<00:00, 23.39it/s]
Epoch 0 ended.
	Top1_Acc_Epoch/train_phase/train_stream/Task000 = 0.0020
100%|███████████████████████████████████████████████████████████████████████████████████████████████████████████████████████████████████████████████| 50/50 [00:02<00:00, 23.42it/s]
Epoch 1 ended.
	Top1_Acc_Epoch/train_phase/train_stream/Task000 = 0.0030
100%|███████████████████████████████████████████████████████████████████████████████████████████████████████████████████████████████████████████████| 50/50 [00:02<00:00, 22.44it/s]
Epoch 2 ended.
	Top1_Acc_Epoch/train_phase/train_stream/Task000 = 0.0069
100%|███████████████████████████████████████████████████████████████████████████████████████████████████████████████████████████████████████████████| 50/50 [00:02<00:00, 23.17it/s]
Epoch 3 ended.
	Top1_Acc_Epoch/train_phase/train_stream/Task000 = 0.0107
 30%|██████████████████████████████████████████▉                                                                                                    | 15/50 [00:00<00:01, 23.18it/s]
Epoch 4 ended.
	Top1_Acc_Epoch/train_phase/train_stream/Task000 = 0.0163
 26%|█████████████████████████████████████▏                                                                                                         | 13/50 [00:00<00:01, 23.37it/s]
Epoch 5 ended.
	Top1_Acc_Epoch/train_phase/train_stream/Task000 = 0.0288
 22%|███████████████████████████████▍                                                                                                               | 11/50 [00:00<00:01, 23.21it/s]
Epoch 6 ended.
	Top1_Acc_Epoch/train_phase/train_stream/Task000 = 0.0433
 14%|████████████████████▏                                                                                                                           | 7/50 [00:00<00:01, 23.00it/s]
Epoch 7 ended.
	Top1_Acc_Epoch/train_phase/train_stream/Task000 = 0.0671
  8%|███████████▌                                                                                                                                    | 4/50 [00:00<00:02, 22.72it/s]
Epoch 8 ended.
	Top1_Acc_Epoch/train_phase/train_stream/Task000 = 0.0972
 78%|███████████████████████████████████████████████████████████████████████████████████████████████████████████████▌                               | 39/50 [00:01<00:00, 22.90it/s]
 72%|██████████████████████████████████████████████████████████████████████████████████████████████████████▉                                        | 36/50 [00:01<00:00, 23.12it/s]
 66%|██████████████████████████████████████████████████████████████████████████████████████████████▍                                                | 33/50 [00:01<00:00, 23.14it/s]
 62%|████████████████████████████████████████████████████████████████████████████████████████▋                                                      | 31/50 [00:01<00:00, 23.25it/s]
 54%|█████████████████████████████████████████████████████████████████████████████▏                                                                 | 27/50 [00:01<00:01, 21.82it/s]
 48%|████████████████████████████████████████████████████████████████████▋                                                                          | 24/50 [00:01<00:01, 23.23it/s]
 44%|██████████████████████████████████████████████████████████████▉                                                                                | 22/50 [00:00<00:01, 23.24it/s]
 38%|██████████████████████████████████████████████████████▎                                                                                        | 19/50 [00:00<00:01, 23.02it/s]
 68%|█████████████████████████████████████████████████████████████████████████████████████████████████▏                                             | 34/50 [00:01<00:00, 22.96it/s]
 68%|█████████████████████████████████████████████████████████████████████████████████████████████████▏                                             | 34/50 [00:01<00:00, 22.96it/s]
Traceback (most recent call last):
  File "/usr/local/lib/python3.8/dist-packages/avalanche/training/plugins/evaluation.py", line 177, in __getattribute__
    return super().__getattribute__(item)
AttributeError: 'EvaluationPlugin' object has no attribute 'before_training_iteration'
During handling of the above exception, another exception occurred:
Traceback (most recent call last):
  File "main.py", line 99, in <module>
    cl_strategy.train(train_exp)
  File "/usr/local/lib/python3.8/dist-packages/avalanche/training/templates/base_sgd.py", line 146, in train
    super().train(experiences, eval_streams, **kwargs)
  File "/usr/local/lib/python3.8/dist-packages/avalanche/training/templates/base.py", line 116, in train
    self._train_exp(self.experience, eval_streams, **kwargs)
  File "/usr/local/lib/python3.8/dist-packages/avalanche/training/templates/base_sgd.py", line 264, in _train_exp
    self.training_epoch(**kwargs)
  File "/tf/notebooks/Labelled Experiments/badam.py", line 115, in training_epoch
    self._before_training_iteration(**kwargs)
  File "/usr/local/lib/python3.8/dist-packages/avalanche/training/templates/base_sgd.py", line 397, in _before_training_iteration
    trigger_plugins(self, "before_training_iteration", **kwargs)
  File "/usr/local/lib/python3.8/dist-packages/avalanche/training/utils.py", line 34, in trigger_plugins
    if hasattr(p, event):
  File "/usr/local/lib/python3.8/dist-packages/avalanche/training/plugins/evaluation.py", line 177, in __getattribute__
    return super().__getattribute__(item)
KeyboardInterrupt