BBBLinear()
BBBLinear()
-- >> Start of training phase << --
SKIPPING RESET OPTIMIZER!!!!

100%|███████████████████████████████████████████████████████████████████████████████████████████████████████████████████████████████████████████████| 46/46 [00:02<00:00, 17.08it/s]
Epoch 0 ended.
	Top1_Acc_Epoch/train_phase/train_stream/Task000 = 0.0567
100%|███████████████████████████████████████████████████████████████████████████████████████████████████████████████████████████████████████████████| 46/46 [00:01<00:00, 23.40it/s]
Epoch 1 ended.
	Top1_Acc_Epoch/train_phase/train_stream/Task000 = 0.0686
100%|███████████████████████████████████████████████████████████████████████████████████████████████████████████████████████████████████████████████| 46/46 [00:02<00:00, 22.42it/s]
Epoch 2 ended.
	Top1_Acc_Epoch/train_phase/train_stream/Task000 = 0.0901
100%|███████████████████████████████████████████████████████████████████████████████████████████████████████████████████████████████████████████████| 46/46 [00:01<00:00, 23.32it/s]
Epoch 3 ended.
	Top1_Acc_Epoch/train_phase/train_stream/Task000 = 0.1095
100%|███████████████████████████████████████████████████████████████████████████████████████████████████████████████████████████████████████████████| 46/46 [00:01<00:00, 23.35it/s]
Epoch 4 ended.
	Top1_Acc_Epoch/train_phase/train_stream/Task000 = 0.1367
100%|███████████████████████████████████████████████████████████████████████████████████████████████████████████████████████████████████████████████| 46/46 [00:01<00:00, 23.26it/s]
Epoch 5 ended.
	Top1_Acc_Epoch/train_phase/train_stream/Task000 = 0.1560
100%|███████████████████████████████████████████████████████████████████████████████████████████████████████████████████████████████████████████████| 46/46 [00:01<00:00, 23.55it/s]
Epoch 6 ended.
	Top1_Acc_Epoch/train_phase/train_stream/Task000 = 0.2072
100%|███████████████████████████████████████████████████████████████████████████████████████████████████████████████████████████████████████████████| 46/46 [00:01<00:00, 23.46it/s]
Epoch 7 ended.
	Top1_Acc_Epoch/train_phase/train_stream/Task000 = 0.2425
100%|███████████████████████████████████████████████████████████████████████████████████████████████████████████████████████████████████████████████| 46/46 [00:01<00:00, 23.55it/s]
Epoch 8 ended.
	Top1_Acc_Epoch/train_phase/train_stream/Task000 = 0.2674
100%|███████████████████████████████████████████████████████████████████████████████████████████████████████████████████████████████████████████████| 46/46 [00:01<00:00, 23.47it/s]
Epoch 9 ended.
	Top1_Acc_Epoch/train_phase/train_stream/Task000 = 0.3025
100%|███████████████████████████████████████████████████████████████████████████████████████████████████████████████████████████████████████████████| 46/46 [00:01<00:00, 23.55it/s]
Epoch 10 ended.
	Top1_Acc_Epoch/train_phase/train_stream/Task000 = 0.3332
100%|███████████████████████████████████████████████████████████████████████████████████████████████████████████████████████████████████████████████| 46/46 [00:01<00:00, 23.64it/s]
Epoch 11 ended.
	Top1_Acc_Epoch/train_phase/train_stream/Task000 = 0.3699
100%|███████████████████████████████████████████████████████████████████████████████████████████████████████████████████████████████████████████████| 46/46 [00:01<00:00, 23.30it/s]
Epoch 12 ended.
	Top1_Acc_Epoch/train_phase/train_stream/Task000 = 0.4051
100%|███████████████████████████████████████████████████████████████████████████████████████████████████████████████████████████████████████████████| 46/46 [00:01<00:00, 23.32it/s]
Epoch 13 ended.
	Top1_Acc_Epoch/train_phase/train_stream/Task000 = 0.4442
100%|███████████████████████████████████████████████████████████████████████████████████████████████████████████████████████████████████████████████| 46/46 [00:01<00:00, 23.46it/s]
Epoch 14 ended.
	Top1_Acc_Epoch/train_phase/train_stream/Task000 = 0.4718
100%|███████████████████████████████████████████████████████████████████████████████████████████████████████████████████████████████████████████████| 46/46 [00:01<00:00, 23.50it/s]
Epoch 15 ended.
	Top1_Acc_Epoch/train_phase/train_stream/Task000 = 0.5014
100%|███████████████████████████████████████████████████████████████████████████████████████████████████████████████████████████████████████████████| 46/46 [00:01<00:00, 23.55it/s]
Epoch 16 ended.
	Top1_Acc_Epoch/train_phase/train_stream/Task000 = 0.5378
100%|███████████████████████████████████████████████████████████████████████████████████████████████████████████████████████████████████████████████| 46/46 [00:01<00:00, 23.51it/s]
Epoch 17 ended.
	Top1_Acc_Epoch/train_phase/train_stream/Task000 = 0.5707
100%|███████████████████████████████████████████████████████████████████████████████████████████████████████████████████████████████████████████████| 46/46 [00:02<00:00, 22.60it/s]
Epoch 18 ended.
	Top1_Acc_Epoch/train_phase/train_stream/Task000 = 0.5921
100%|███████████████████████████████████████████████████████████████████████████████████████████████████████████████████████████████████████████████| 46/46 [00:01<00:00, 23.51it/s]
Epoch 19 ended.
	Top1_Acc_Epoch/train_phase/train_stream/Task000 = 0.6201
-- >> End of training phase << --
-- >> Start of eval phase << --
-- Starting eval on experience 0 (Task 0) from test stream --
100%|█████████████████████████████████████████████████████████████████████████████████████████████████████████████████████████████████████████████████| 8/8 [00:00<00:00, 54.57it/s]
> Eval on experience 0 (Task 0) from test stream ended.
	Top1_Acc_Exp/eval_phase/test_stream/Task000/Exp000 = 0.9125
-- Starting eval on experience 1 (Task 0) from test stream --
100%|█████████████████████████████████████████████████████████████████████████████████████████████████████████████████████████████████████████████████| 9/9 [00:00<00:00, 55.36it/s]
> Eval on experience 1 (Task 0) from test stream ended.
	Top1_Acc_Exp/eval_phase/test_stream/Task000/Exp001 = 0.0000
-- Starting eval on experience 2 (Task 0) from test stream --
100%|█████████████████████████████████████████████████████████████████████████████████████████████████████████████████████████████████████████████████| 8/8 [00:00<00:00, 53.88it/s]
> Eval on experience 2 (Task 0) from test stream ended.
	Top1_Acc_Exp/eval_phase/test_stream/Task000/Exp002 = 0.0000
-- Starting eval on experience 3 (Task 0) from test stream --
100%|█████████████████████████████████████████████████████████████████████████████████████████████████████████████████████████████████████████████████| 8/8 [00:00<00:00, 51.87it/s]
> Eval on experience 3 (Task 0) from test stream ended.
	Top1_Acc_Exp/eval_phase/test_stream/Task000/Exp003 = 0.0000
-- Starting eval on experience 4 (Task 0) from test stream --
100%|█████████████████████████████████████████████████████████████████████████████████████████████████████████████████████████████████████████████████| 8/8 [00:00<00:00, 53.62it/s]
> Eval on experience 4 (Task 0) from test stream ended.
	Top1_Acc_Exp/eval_phase/test_stream/Task000/Exp004 = 0.0000
-- >> End of eval phase << --
	Top1_Acc_Stream/eval_phase/test_stream/Task000 = 0.1752
-- >> Start of training phase << --
SKIPPING RESET OPTIMIZER!!!!
100%|███████████████████████████████████████████████████████████████████████████████████████████████████████████████████████████████████████████████| 50/50 [00:02<00:00, 23.00it/s]
Epoch 0 ended.
	Top1_Acc_Epoch/train_phase/train_stream/Task000 = 0.0020
100%|███████████████████████████████████████████████████████████████████████████████████████████████████████████████████████████████████████████████| 50/50 [00:02<00:00, 23.81it/s]
Epoch 1 ended.
	Top1_Acc_Epoch/train_phase/train_stream/Task000 = 0.0030
100%|███████████████████████████████████████████████████████████████████████████████████████████████████████████████████████████████████████████████| 50/50 [00:02<00:00, 23.72it/s]
Epoch 2 ended.
	Top1_Acc_Epoch/train_phase/train_stream/Task000 = 0.0069
100%|███████████████████████████████████████████████████████████████████████████████████████████████████████████████████████████████████████████████| 50/50 [00:02<00:00, 23.69it/s]
Epoch 3 ended.
	Top1_Acc_Epoch/train_phase/train_stream/Task000 = 0.0107
 50%|███████████████████████████████████████████████████████████████████████▌                                                                       | 25/50 [00:01<00:01, 22.92it/s]
Epoch 4 ended.
	Top1_Acc_Epoch/train_phase/train_stream/Task000 = 0.0163
 48%|████████████████████████████████████████████████████████████████████▋                                                                          | 24/50 [00:01<00:01, 23.77it/s]
Epoch 5 ended.
	Top1_Acc_Epoch/train_phase/train_stream/Task000 = 0.0288
 44%|██████████████████████████████████████████████████████████████▉                                                                                | 22/50 [00:00<00:01, 23.62it/s]
Epoch 6 ended.
	Top1_Acc_Epoch/train_phase/train_stream/Task000 = 0.0433
 40%|█████████████████████████████████████████████████████████▏                                                                                     | 20/50 [00:00<00:01, 23.76it/s]
Epoch 7 ended.
	Top1_Acc_Epoch/train_phase/train_stream/Task000 = 0.0671
 38%|██████████████████████████████████████████████████████▎                                                                                        | 19/50 [00:00<00:01, 23.84it/s]
Epoch 8 ended.
	Top1_Acc_Epoch/train_phase/train_stream/Task000 = 0.0972
 10%|██████████████▍                                                                                                                                 | 5/50 [00:00<00:01, 23.58it/s]
Epoch 9 ended.
	Top1_Acc_Epoch/train_phase/train_stream/Task000 = 0.1218
  6%|████████▋                                                                                                                                       | 3/50 [00:00<00:02, 23.31it/s]
Epoch 10 ended.
	Top1_Acc_Epoch/train_phase/train_stream/Task000 = 0.1664
  2%|██▉                                                                                                                                             | 1/50 [00:00<00:02, 22.84it/s]
Epoch 11 ended.
	Top1_Acc_Epoch/train_phase/train_stream/Task000 = 0.2016
 96%|█████████████████████████████████████████████████████████████████████████████████████████████████████████████████████████████████████████▎     | 48/50 [00:02<00:00, 23.38it/s]
 88%|█████████████████████████████████████████████████████████████████████████████████████████████████████████████████████████████▊                 | 44/50 [00:01<00:00, 23.22it/s]
 84%|████████████████████████████████████████████████████████████████████████████████████████████████████████████████████████                       | 42/50 [00:01<00:00, 23.55it/s]
 80%|██████████████████████████████████████████████████████████████████████████████████████████████████████████████████▍                            | 40/50 [00:01<00:00, 23.59it/s]
 76%|████████████████████████████████████████████████████████████████████████████████████████████████████████████▋                                  | 38/50 [00:01<00:00, 23.51it/s]
 72%|██████████████████████████████████████████████████████████████████████████████████████████████████████▉                                        | 36/50 [00:01<00:00, 23.69it/s]
 68%|█████████████████████████████████████████████████████████████████████████████████████████████████▏                                             | 34/50 [00:01<00:00, 23.69it/s]
 66%|██████████████████████████████████████████████████████████████████████████████████████████████▍                                                | 33/50 [00:01<00:00, 23.74it/s]
100%|█████████████████████████████████████████████████████████████████████████████████████████████████████████████████████████████████████████████████| 8/8 [00:00<00:00, 54.91it/s]
-- >> Start of eval phase << --
-- Starting eval on experience 0 (Task 0) from test stream --
100%|█████████████████████████████████████████████████████████████████████████████████████████████████████████████████████████████████████████████████| 8/8 [00:00<00:00, 54.91it/s]
> Eval on experience 0 (Task 0) from test stream ended.
	ExperienceForgetting/eval_phase/test_stream/Task000/Exp000 = 0.5167
	Top1_Acc_Exp/eval_phase/test_stream/Task000/Exp000 = 0.3958
-- Starting eval on experience 1 (Task 0) from test stream --
100%|█████████████████████████████████████████████████████████████████████████████████████████████████████████████████████████████████████████████████| 9/9 [00:00<00:00, 57.19it/s]
> Eval on experience 1 (Task 0) from test stream ended.
	Top1_Acc_Exp/eval_phase/test_stream/Task000/Exp001 = 0.9701
-- Starting eval on experience 2 (Task 0) from test stream --
100%|█████████████████████████████████████████████████████████████████████████████████████████████████████████████████████████████████████████████████| 8/8 [00:00<00:00, 56.06it/s]
> Eval on experience 2 (Task 0) from test stream ended.
	Top1_Acc_Exp/eval_phase/test_stream/Task000/Exp002 = 0.0000
-- Starting eval on experience 3 (Task 0) from test stream --
100%|█████████████████████████████████████████████████████████████████████████████████████████████████████████████████████████████████████████████████| 8/8 [00:00<00:00, 40.76it/s]
> Eval on experience 3 (Task 0) from test stream ended.
	Top1_Acc_Exp/eval_phase/test_stream/Task000/Exp003 = 0.0000
-- Starting eval on experience 4 (Task 0) from test stream --
100%|█████████████████████████████████████████████████████████████████████████████████████████████████████████████████████████████████████████████████| 8/8 [00:00<00:00, 51.90it/s]
> Eval on experience 4 (Task 0) from test stream ended.
	Top1_Acc_Exp/eval_phase/test_stream/Task000/Exp004 = 0.0000
-- >> End of eval phase << --
	Top1_Acc_Stream/eval_phase/test_stream/Task000 = 0.2840
-- >> Start of training phase << --
SKIPPING RESET OPTIMIZER!!!!
100%|███████████████████████████████████████████████████████████████████████████████████████████████████████████████████████████████████████████████| 46/46 [00:02<00:00, 22.72it/s]
Epoch 0 ended.
	Top1_Acc_Epoch/train_phase/train_stream/Task000 = 0.0005
 20%|████████████████████████████▏                                                                                                                   | 9/46 [00:00<00:01, 22.65it/s]
100%|███████████████████████████████████████████████████████████████████████████████████████████████████████████████████████████████████████████████| 46/46 [00:02<00:00, 22.72it/s]
100%|███████████████████████████████████████████████████████████████████████████████████████████████████████████████████████████████████████████████| 46/46 [00:02<00:00, 22.72it/s]
100%|███████████████████████████████████████████████████████████████████████████████████████████████████████████████████████████████████████████████| 46/46 [00:02<00:00, 22.72it/s]
100%|███████████████████████████████████████████████████████████████████████████████████████████████████████████████████████████████████████████████| 46/46 [00:02<00:00, 22.72it/s]
100%|███████████████████████████████████████████████████████████████████████████████████████████████████████████████████████████████████████████████| 46/46 [00:02<00:00, 22.72it/s]
100%|███████████████████████████████████████████████████████████████████████████████████████████████████████████████████████████████████████████████| 46/46 [00:02<00:00, 22.72it/s]
100%|███████████████████████████████████████████████████████████████████████████████████████████████████████████████████████████████████████████████| 46/46 [00:02<00:00, 22.72it/s]
100%|███████████████████████████████████████████████████████████████████████████████████████████████████████████████████████████████████████████████| 46/46 [00:02<00:00, 22.72it/s]
100%|███████████████████████████████████████████████████████████████████████████████████████████████████████████████████████████████████████████████| 46/46 [00:02<00:00, 22.72it/s]
100%|███████████████████████████████████████████████████████████████████████████████████████████████████████████████████████████████████████████████| 46/46 [00:02<00:00, 22.72it/s]
100%|███████████████████████████████████████████████████████████████████████████████████████████████████████████████████████████████████████████████| 46/46 [00:02<00:00, 22.72it/s]
100%|███████████████████████████████████████████████████████████████████████████████████████████████████████████████████████████████████████████████| 46/46 [00:02<00:00, 22.72it/s]
100%|███████████████████████████████████████████████████████████████████████████████████████████████████████████████████████████████████████████████| 46/46 [00:02<00:00, 22.72it/s]
100%|███████████████████████████████████████████████████████████████████████████████████████████████████████████████████████████████████████████████| 46/46 [00:02<00:00, 22.72it/s]
100%|███████████████████████████████████████████████████████████████████████████████████████████████████████████████████████████████████████████████| 46/46 [00:02<00:00, 22.72it/s]
100%|███████████████████████████████████████████████████████████████████████████████████████████████████████████████████████████████████████████████| 46/46 [00:02<00:00, 22.72it/s]
100%|███████████████████████████████████████████████████████████████████████████████████████████████████████████████████████████████████████████████| 46/46 [00:02<00:00, 22.72it/s]
100%|███████████████████████████████████████████████████████████████████████████████████████████████████████████████████████████████████████████████| 46/46 [00:02<00:00, 22.72it/s]
100%|███████████████████████████████████████████████████████████████████████████████████████████████████████████████████████████████████████████████| 46/46 [00:02<00:00, 22.72it/s]
-- >> Start of training phase << --█████████████████████████████████████████████████████████████████████████████████████████████████████████████████| 46/46 [00:02<00:00, 22.72it/s]
-- >> Start of training phase << --█████████████████████████████████████████████████████████████████████████████████████████████████████████████████| 46/46 [00:02<00:00, 22.72it/s]
-- >> Start of training phase << --█████████████████████████████████████████████████████████████████████████████████████████████████████████████████| 46/46 [00:02<00:00, 22.72it/s]
-- >> Start of training phase << --█████████████████████████████████████████████████████████████████████████████████████████████████████████████████| 46/46 [00:02<00:00, 22.72it/s]
-- >> Start of training phase << --█████████████████████████████████████████████████████████████████████████████████████████████████████████████████| 46/46 [00:02<00:00, 22.72it/s]
-- >> Start of training phase << --█████████████████████████████████████████████████████████████████████████████████████████████████████████████████| 46/46 [00:02<00:00, 22.72it/s]
-- >> Start of training phase << --█████████████████████████████████████████████████████████████████████████████████████████████████████████████████| 46/46 [00:02<00:00, 22.72it/s]
-- >> Start of training phase << --█████████████████████████████████████████████████████████████████████████████████████████████████████████████████| 46/46 [00:02<00:00, 22.72it/s]
-- >> Start of training phase << --█████████████████████████████████████████████████████████████████████████████████████████████████████████████████| 46/46 [00:02<00:00, 22.72it/s]
-- >> Start of training phase << --█████████████████████████████████████████████████████████████████████████████████████████████████████████████████| 46/46 [00:02<00:00, 22.72it/s]
-- >> Start of training phase << --█████████████████████████████████████████████████████████████████████████████████████████████████████████████████| 46/46 [00:02<00:00, 22.72it/s]
-- >> Start of training phase << --█████████████████████████████████████████████████████████████████████████████████████████████████████████████████| 46/46 [00:02<00:00, 22.72it/s]
-- >> Start of training phase << --█████████████████████████████████████████████████████████████████████████████████████████████████████████████████| 46/46 [00:02<00:00, 22.72it/s]
-- >> Start of training phase << --█████████████████████████████████████████████████████████████████████████████████████████████████████████████████| 46/46 [00:02<00:00, 22.72it/s]
-- >> Start of training phase << --█████████████████████████████████████████████████████████████████████████████████████████████████████████████████| 46/46 [00:02<00:00, 22.72it/s]
-- >> Start of training phase << --█████████████████████████████████████████████████████████████████████████████████████████████████████████████████| 46/46 [00:02<00:00, 22.72it/s]
-- >> Start of training phase << --█████████████████████████████████████████████████████████████████████████████████████████████████████████████████| 46/46 [00:02<00:00, 22.72it/s]
-- >> Start of training phase << --█████████████████████████████████████████████████████████████████████████████████████████████████████████████████| 46/46 [00:02<00:00, 22.72it/s]
-- >> Start of training phase << --█████████████████████████████████████████████████████████████████████████████████████████████████████████████████| 46/46 [00:02<00:00, 22.72it/s]
-- >> Start of training phase << --█████████████████████████████████████████████████████████████████████████████████████████████████████████████████| 46/46 [00:02<00:00, 22.72it/s]
	ExperienceForgetting/eval_phase/test_stream/Task000/Exp002 = 0.6478████████████████████████████████████████████████████████████████████████████████| 46/46 [00:02<00:00, 22.72it/s]
	ExperienceForgetting/eval_phase/test_stream/Task000/Exp002 = 0.6478████████████████████████████████████████████████████████████████████████████████| 46/46 [00:02<00:00, 22.72it/s]
	ExperienceForgetting/eval_phase/test_stream/Task000/Exp002 = 0.6478████████████████████████████████████████████████████████████████████████████████| 46/46 [00:02<00:00, 22.72it/s]
	ExperienceForgetting/eval_phase/test_stream/Task000/Exp002 = 0.6478████████████████████████████████████████████████████████████████████████████████| 46/46 [00:02<00:00, 22.72it/s]
	ExperienceForgetting/eval_phase/test_stream/Task000/Exp002 = 0.6478████████████████████████████████████████████████████████████████████████████████| 46/46 [00:02<00:00, 22.72it/s]
	ExperienceForgetting/eval_phase/test_stream/Task000/Exp002 = 0.6478████████████████████████████████████████████████████████████████████████████████| 46/46 [00:02<00:00, 22.72it/s]
	ExperienceForgetting/eval_phase/test_stream/Task000/Exp002 = 0.6478████████████████████████████████████████████████████████████████████████████████| 46/46 [00:02<00:00, 22.72it/s]
	ExperienceForgetting/eval_phase/test_stream/Task000/Exp002 = 0.6478████████████████████████████████████████████████████████████████████████████████| 46/46 [00:02<00:00, 22.72it/s]
	ExperienceForgetting/eval_phase/test_stream/Task000/Exp002 = 0.6478████████████████████████████████████████████████████████████████████████████████| 46/46 [00:02<00:00, 22.72it/s]
	ExperienceForgetting/eval_phase/test_stream/Task000/Exp002 = 0.6478████████████████████████████████████████████████████████████████████████████████| 46/46 [00:02<00:00, 22.72it/s]
	ExperienceForgetting/eval_phase/test_stream/Task000/Exp002 = 0.6478████████████████████████████████████████████████████████████████████████████████| 46/46 [00:02<00:00, 22.72it/s]
	ExperienceForgetting/eval_phase/test_stream/Task000/Exp002 = 0.6478████████████████████████████████████████████████████████████████████████████████| 46/46 [00:02<00:00, 22.72it/s]
	ExperienceForgetting/eval_phase/test_stream/Task000/Exp002 = 0.6478████████████████████████████████████████████████████████████████████████████████| 46/46 [00:02<00:00, 22.72it/s]
	ExperienceForgetting/eval_phase/test_stream/Task000/Exp002 = 0.6478████████████████████████████████████████████████████████████████████████████████| 46/46 [00:02<00:00, 22.72it/s]
	ExperienceForgetting/eval_phase/test_stream/Task000/Exp002 = 0.6478████████████████████████████████████████████████████████████████████████████████| 46/46 [00:02<00:00, 22.72it/s]
	ExperienceForgetting/eval_phase/test_stream/Task000/Exp002 = 0.6478████████████████████████████████████████████████████████████████████████████████| 46/46 [00:02<00:00, 22.72it/s]
	ExperienceForgetting/eval_phase/test_stream/Task000/Exp002 = 0.6478████████████████████████████████████████████████████████████████████████████████| 46/46 [00:02<00:00, 22.72it/s]
	ExperienceForgetting/eval_phase/test_stream/Task000/Exp002 = 0.6478████████████████████████████████████████████████████████████████████████████████| 46/46 [00:02<00:00, 22.72it/s]
	ExperienceForgetting/eval_phase/test_stream/Task000/Exp002 = 0.6478████████████████████████████████████████████████████████████████████████████████| 46/46 [00:02<00:00, 22.72it/s]
	ExperienceForgetting/eval_phase/test_stream/Task000/Exp002 = 0.6478████████████████████████████████████████████████████████████████████████████████| 46/46 [00:02<00:00, 22.72it/s]
	ExperienceForgetting/eval_phase/test_stream/Task000/Exp002 = 0.5948████████████████████████████████████████████████████████████████████████████████| 46/46 [00:02<00:00, 22.72it/s]
	ExperienceForgetting/eval_phase/test_stream/Task000/Exp002 = 0.5948████████████████████████████████████████████████████████████████████████████████| 46/46 [00:02<00:00, 22.72it/s]
Traceback (most recent call last):
  File "/usr/local/lib/python3.8/dist-packages/pandas/core/indexes/base.py", line 3652, in get_loc
    return self._engine.get_loc(casted_key)
  File "pandas/_libs/index.pyx", line 147, in pandas._libs.index.IndexEngine.get_loc
  File "pandas/_libs/index.pyx", line 176, in pandas._libs.index.IndexEngine.get_loc
  File "pandas/_libs/hashtable_class_helper.pxi", line 7080, in pandas._libs.hashtable.PyObjectHashTable.get_item
  File "pandas/_libs/hashtable_class_helper.pxi", line 7088, in pandas._libs.hashtable.PyObjectHashTable.get_item
KeyError: 'mean'
The above exception was the direct cause of the following exception:
Traceback (most recent call last):
  File "main.py", line 104, in <module>
    mean, std = mean_stds['mean'].to_numpy(), mean_stds['std'].to_numpy()
  File "/usr/local/lib/python3.8/dist-packages/pandas/core/frame.py", line 3760, in __getitem__
    indexer = self.columns.get_loc(key)
  File "/usr/local/lib/python3.8/dist-packages/pandas/core/indexes/base.py", line 3654, in get_loc
    raise KeyError(key) from err
KeyError: 'mean'
	ExperienceForgetting/eval_phase/test_stream/Task000/Exp002 = 0.5948████████████████████████████████████████████████████████████████████████████████| 46/46 [00:02<00:00, 22.72it/s]